<?xml version="1.0" encoding="UTF-8"?>
<!-- Generated by org.testng.reporters.JUnitXMLReporter -->
<testsuite ignored="8" hostname="DESKTOP-H7IFQSF" failures="0" tests="1" name="Default test" time="25.653" errors="0" timestamp="2023-06-28T13:12:09 IST">
  <testcase classname="bluestone.BluestTestClass" name="Test5" time="7.428"/>
  <testcase classname="bluestone.BluestTestClass" name="quitbr" time="0.0">
    <ignored/>
  </testcase> <!-- quitbr -->
  <testcase classname="bluestone.BluestTestClass" name="Test6" time="0.0">
    <ignored/>
  </testcase> <!-- Test6 -->
  <testcase classname="bluestone.BluestTestClass" name="Test4" time="0.0">
    <ignored/>
  </testcase> <!-- Test4 -->
  <testcase classname="bluestone.BluestTestClass" name="Test3" time="0.0">
    <ignored/>
  </testcase> <!-- Test3 -->
  <testcase classname="bluestone.BluestTestClass" name="Test2" time="0.0">
    <ignored/>
  </testcase> <!-- Test2 -->
  <testcase classname="bluestone.BluestTestClass" name="Test1" time="0.0">
    <ignored/>
  </testcase> <!-- Test1 -->
  <testcase classname="bluestone.BluestTestClass" name="Test8" time="0.0">
    <ignored/>
  </testcase> <!-- Test8 -->
  <testcase classname="bluestone.BluestTestClass" name="Test7" time="0.0">
    <ignored/>
  </testcase> <!-- Test7 -->
</testsuite> <!-- Default test -->
