<?xml version="1.0" encoding="UTF-8"?>
<testng-results ignored="8" total="9" passed="1" failed="0" skipped="0">
  <reporter-output>
  </reporter-output>
  <suite started-at="2023-06-28T13:11:43 IST" name="Default suite" finished-at="2023-06-28T13:12:09 IST" duration-ms="25653">
    <groups>
    </groups>
    <test started-at="2023-06-28T13:11:43 IST" name="Default test" finished-at="2023-06-28T13:12:09 IST" duration-ms="25653">
      <class name="bluestone.BluestTestClass">
        <test-method is-config="true" signature="FirstTest()[pri:0, instance:bluestone.BluestTestClass@2af004b]" started-at="2023-06-28T13:11:43 IST" name="FirstTest" finished-at="2023-06-28T13:12:01 IST" duration-ms="17785" status="PASS">
          <reporter-output>
          </reporter-output>
        </test-method> <!-- FirstTest -->
        <test-method signature="Test5()[pri:0, instance:bluestone.BluestTestClass@2af004b]" started-at="2023-06-28T13:12:01 IST" name="Test5" finished-at="2023-06-28T13:12:08 IST" duration-ms="7428" status="PASS">
          <reporter-output>
          </reporter-output>
        </test-method> <!-- Test5 -->
        <test-method is-config="true" signature="closebr()[pri:0, instance:bluestone.BluestTestClass@2af004b]" started-at="2023-06-28T13:12:08 IST" name="closebr" finished-at="2023-06-28T13:12:09 IST" duration-ms="336" status="PASS">
          <reporter-output>
          </reporter-output>
        </test-method> <!-- closebr -->
      </class> <!-- bluestone.BluestTestClass -->
    </test> <!-- Default test -->
  </suite> <!-- Default suite -->
</testng-results>
