<?xml version="1.0" encoding="UTF-8"?>
<testng-results ignored="0" total="8" passed="8" failed="0" skipped="0">
  <reporter-output>
  </reporter-output>
  <suite started-at="2023-06-27T22:04:22 IST" name="Default suite" finished-at="2023-06-27T22:08:35 IST" duration-ms="253215">
    <groups>
    </groups>
    <test started-at="2023-06-27T22:04:22 IST" name="Default test" finished-at="2023-06-27T22:08:35 IST" duration-ms="253215">
      <class name="BlueST.BluestTestClass">
        <test-method is-config="true" signature="FirstTest()[pri:0, instance:BlueST.BluestTestClass@57bc27f5]" started-at="2023-06-27T22:04:22 IST" name="FirstTest" finished-at="2023-06-27T22:04:31 IST" duration-ms="9705" status="PASS">
          <reporter-output>
          </reporter-output>
        </test-method> <!-- FirstTest -->
        <test-method signature="Test7()[pri:1, instance:BlueST.BluestTestClass@57bc27f5]" started-at="2023-06-27T22:04:31 IST" name="Test7" finished-at="2023-06-27T22:04:36 IST" duration-ms="4590" status="PASS">
          <reporter-output>
          </reporter-output>
        </test-method> <!-- Test7 -->
        <test-method is-config="true" signature="closebr()[pri:0, instance:BlueST.BluestTestClass@57bc27f5]" started-at="2023-06-27T22:04:36 IST" name="closebr" finished-at="2023-06-27T22:04:36 IST" duration-ms="221" status="PASS">
          <reporter-output>
          </reporter-output>
        </test-method> <!-- closebr -->
        <test-method is-config="true" signature="FirstTest()[pri:0, instance:BlueST.BluestTestClass@57bc27f5]" started-at="2023-06-27T22:04:36 IST" name="FirstTest" finished-at="2023-06-27T22:04:44 IST" duration-ms="7801" status="PASS">
          <reporter-output>
          </reporter-output>
        </test-method> <!-- FirstTest -->
        <test-method signature="Test2()[pri:2, instance:BlueST.BluestTestClass@57bc27f5]" started-at="2023-06-27T22:04:44 IST" name="Test2" finished-at="2023-06-27T22:04:51 IST" duration-ms="6940" status="PASS">
          <reporter-output>
          </reporter-output>
        </test-method> <!-- Test2 -->
        <test-method is-config="true" signature="closebr()[pri:0, instance:BlueST.BluestTestClass@57bc27f5]" started-at="2023-06-27T22:04:51 IST" name="closebr" finished-at="2023-06-27T22:04:51 IST" duration-ms="267" status="PASS">
          <reporter-output>
          </reporter-output>
        </test-method> <!-- closebr -->
        <test-method is-config="true" signature="FirstTest()[pri:0, instance:BlueST.BluestTestClass@57bc27f5]" started-at="2023-06-27T22:04:51 IST" name="FirstTest" finished-at="2023-06-27T22:05:12 IST" duration-ms="20522" status="PASS">
          <reporter-output>
          </reporter-output>
        </test-method> <!-- FirstTest -->
        <test-method signature="Test5()[pri:3, instance:BlueST.BluestTestClass@57bc27f5]" started-at="2023-06-27T22:05:12 IST" name="Test5" finished-at="2023-06-27T22:07:19 IST" duration-ms="127166" status="PASS">
          <reporter-output>
          </reporter-output>
        </test-method> <!-- Test5 -->
        <test-method is-config="true" signature="closebr()[pri:0, instance:BlueST.BluestTestClass@57bc27f5]" started-at="2023-06-27T22:07:19 IST" name="closebr" finished-at="2023-06-27T22:07:19 IST" duration-ms="178" status="PASS">
          <reporter-output>
          </reporter-output>
        </test-method> <!-- closebr -->
        <test-method is-config="true" signature="FirstTest()[pri:0, instance:BlueST.BluestTestClass@57bc27f5]" started-at="2023-06-27T22:07:19 IST" name="FirstTest" finished-at="2023-06-27T22:07:26 IST" duration-ms="6985" status="PASS">
          <reporter-output>
          </reporter-output>
        </test-method> <!-- FirstTest -->
        <test-method signature="Test1()[pri:4, instance:BlueST.BluestTestClass@57bc27f5]" started-at="2023-06-27T22:07:26 IST" name="Test1" finished-at="2023-06-27T22:07:31 IST" duration-ms="4362" status="PASS">
          <reporter-output>
          </reporter-output>
        </test-method> <!-- Test1 -->
        <test-method is-config="true" signature="closebr()[pri:0, instance:BlueST.BluestTestClass@57bc27f5]" started-at="2023-06-27T22:07:31 IST" name="closebr" finished-at="2023-06-27T22:07:31 IST" duration-ms="146" status="PASS">
          <reporter-output>
          </reporter-output>
        </test-method> <!-- closebr -->
        <test-method is-config="true" signature="FirstTest()[pri:0, instance:BlueST.BluestTestClass@57bc27f5]" started-at="2023-06-27T22:07:31 IST" name="FirstTest" finished-at="2023-06-27T22:07:38 IST" duration-ms="7583" status="PASS">
          <reporter-output>
          </reporter-output>
        </test-method> <!-- FirstTest -->
        <test-method signature="Test3()[pri:5, instance:BlueST.BluestTestClass@57bc27f5]" started-at="2023-06-27T22:07:38 IST" name="Test3" finished-at="2023-06-27T22:07:43 IST" duration-ms="4674" status="PASS">
          <reporter-output>
          </reporter-output>
        </test-method> <!-- Test3 -->
        <test-method is-config="true" signature="closebr()[pri:0, instance:BlueST.BluestTestClass@57bc27f5]" started-at="2023-06-27T22:07:43 IST" name="closebr" finished-at="2023-06-27T22:07:43 IST" duration-ms="186" status="PASS">
          <reporter-output>
          </reporter-output>
        </test-method> <!-- closebr -->
        <test-method is-config="true" signature="FirstTest()[pri:0, instance:BlueST.BluestTestClass@57bc27f5]" started-at="2023-06-27T22:07:43 IST" name="FirstTest" finished-at="2023-06-27T22:07:51 IST" duration-ms="7894" status="PASS">
          <reporter-output>
          </reporter-output>
        </test-method> <!-- FirstTest -->
        <test-method signature="Test6()[pri:6, instance:BlueST.BluestTestClass@57bc27f5]" started-at="2023-06-27T22:07:51 IST" name="Test6" finished-at="2023-06-27T22:07:56 IST" duration-ms="5087" status="PASS">
          <reporter-output>
          </reporter-output>
        </test-method> <!-- Test6 -->
        <test-method is-config="true" signature="closebr()[pri:0, instance:BlueST.BluestTestClass@57bc27f5]" started-at="2023-06-27T22:07:56 IST" name="closebr" finished-at="2023-06-27T22:07:56 IST" duration-ms="164" status="PASS">
          <reporter-output>
          </reporter-output>
        </test-method> <!-- closebr -->
        <test-method is-config="true" signature="FirstTest()[pri:0, instance:BlueST.BluestTestClass@57bc27f5]" started-at="2023-06-27T22:07:56 IST" name="FirstTest" finished-at="2023-06-27T22:08:03 IST" duration-ms="6965" status="PASS">
          <reporter-output>
          </reporter-output>
        </test-method> <!-- FirstTest -->
        <test-method signature="Test8()[pri:7, instance:BlueST.BluestTestClass@57bc27f5]" started-at="2023-06-27T22:08:03 IST" name="Test8" finished-at="2023-06-27T22:08:18 IST" duration-ms="14284" status="PASS">
          <reporter-output>
          </reporter-output>
        </test-method> <!-- Test8 -->
        <test-method is-config="true" signature="closebr()[pri:0, instance:BlueST.BluestTestClass@57bc27f5]" started-at="2023-06-27T22:08:18 IST" name="closebr" finished-at="2023-06-27T22:08:18 IST" duration-ms="96" status="PASS">
          <reporter-output>
          </reporter-output>
        </test-method> <!-- closebr -->
        <test-method is-config="true" signature="FirstTest()[pri:0, instance:BlueST.BluestTestClass@57bc27f5]" started-at="2023-06-27T22:08:18 IST" name="FirstTest" finished-at="2023-06-27T22:08:26 IST" duration-ms="7866" status="PASS">
          <reporter-output>
          </reporter-output>
        </test-method> <!-- FirstTest -->
        <test-method signature="Test4()[pri:8, instance:BlueST.BluestTestClass@57bc27f5]" started-at="2023-06-27T22:08:26 IST" name="Test4" finished-at="2023-06-27T22:08:35 IST" duration-ms="9184" status="PASS">
          <reporter-output>
          </reporter-output>
        </test-method> <!-- Test4 -->
        <test-method is-config="true" signature="closebr()[pri:0, instance:BlueST.BluestTestClass@57bc27f5]" started-at="2023-06-27T22:08:35 IST" name="closebr" finished-at="2023-06-27T22:08:35 IST" duration-ms="158" status="PASS">
          <reporter-output>
          </reporter-output>
        </test-method> <!-- closebr -->
      </class> <!-- BlueST.BluestTestClass -->
    </test> <!-- Default test -->
  </suite> <!-- Default suite -->
</testng-results>
