<?xml version="1.0" encoding="UTF-8"?>
<!-- Generated by org.testng.reporters.JUnitXMLReporter -->
<testsuite ignored="0" hostname="DESKTOP-H7IFQSF" failures="0" tests="8" name="Default test" time="253.215" errors="0" timestamp="2023-06-27T22:08:35 IST">
  <testcase classname="BlueST.BluestTestClass" name="Test7" time="4.59"/>
  <testcase classname="BlueST.BluestTestClass" name="Test2" time="6.94"/>
  <testcase classname="BlueST.BluestTestClass" name="Test5" time="127.166"/>
  <testcase classname="BlueST.BluestTestClass" name="Test1" time="4.362"/>
  <testcase classname="BlueST.BluestTestClass" name="Test3" time="4.674"/>
  <testcase classname="BlueST.BluestTestClass" name="Test6" time="5.087"/>
  <testcase classname="BlueST.BluestTestClass" name="Test8" time="14.284"/>
  <testcase classname="BlueST.BluestTestClass" name="Test4" time="9.184"/>
</testsuite> <!-- Default test -->
